<?xml version="1.0" encoding="UTF-8"?>
<!-- Generated by org.testng.reporters.JUnitReportReporter -->
<testsuite hostname="XE-T-NITINGO" name="Xebia.SampleMavenProject.VideoRecording" tests="1" failures="0" timestamp="19 May 2017 11:42:31 GMT" time="63.155" errors="0">
  <testcase name="f" time="63.155" classname="Xebia.SampleMavenProject.VideoRecording"/>
</testsuite> <!-- Xebia.SampleMavenProject.VideoRecording -->
