<?xml version="1.0" encoding="UTF-8"?>
<!-- Generated by org.testng.reporters.JUnitReportReporter -->
<testsuite hostname="XE-T-NITINGO" name="Xebia.SampleMavenProject.ImageComparison" tests="1" failures="0" timestamp="2 May 2017 07:09:27 GMT" time="16.067" errors="0">
  <testcase name="getviewportfirefox" time="16.067" classname="Xebia.SampleMavenProject.ImageComparison"/>
</testsuite> <!-- Xebia.SampleMavenProject.ImageComparison -->
