<?xml version="1.0" encoding="UTF-8"?>
<!-- Generated by org.testng.reporters.JUnitReportReporter -->
<testsuite hostname="XE-T-NITINGO" name="Xebia.SampleMavenProject.ApiPost" tests="1" failures="0" timestamp="19 Aug 2016 05:33:06 GMT" time="3.325" errors="0">
  <testcase name="postapi" time="3.325" classname="Xebia.SampleMavenProject.ApiPost"/>
</testsuite> <!-- Xebia.SampleMavenProject.ApiPost -->
