<?xml version="1.0" encoding="UTF-8"?>
<!-- Generated by org.testng.reporters.JUnitReportReporter -->
<testsuite hostname="XE-T-NITINGO" name="Xebia.SampleMavenProject.Generatexml" tests="1" failures="0" timestamp="30 Aug 2016 06:42:21 GMT" time="0.825" errors="0">
  <testcase name="setxml" time="0.825" classname="Xebia.SampleMavenProject.Generatexml"/>
</testsuite> <!-- Xebia.SampleMavenProject.Generatexml -->
