<?xml version="1.0" encoding="UTF-8"?>
<!-- Generated by org.testng.reporters.JUnitReportReporter -->
<testsuite hostname="XE-T-NITINGO" name="Xebia.SampleMavenProject.CookiesManagement" tests="1" failures="0" timestamp="29 Dec 2016 07:16:36 GMT" time="18.239" errors="0">
  <testcase name="fetchcookies" time="18.239" classname="Xebia.SampleMavenProject.CookiesManagement"/>
</testsuite> <!-- Xebia.SampleMavenProject.CookiesManagement -->
