<?xml version="1.0" encoding="UTF-8"?>
<!-- Generated by org.testng.reporters.JUnitReportReporter -->
<testsuite hostname="XE-T-NITINGO" name="Xebia.SampleMavenProject.MemoryMonitoring" tests="2" failures="0" timestamp="4 Oct 2016 06:28:42 GMT" time="42.037" errors="0">
  <testcase name="performanceMonitor_htmlunitdriver" time="10.343" classname="Xebia.SampleMavenProject.MemoryMonitoring"/>
  <testcase name="performanceMonitor_Firefox" time="31.694" classname="Xebia.SampleMavenProject.MemoryMonitoring"/>
</testsuite> <!-- Xebia.SampleMavenProject.MemoryMonitoring -->
