<?xml version="1.0" encoding="UTF-8"?>
<!-- Generated by org.testng.reporters.JUnitReportReporter -->
<testsuite hostname="XE-T-NITINGO" name="Xebia.SampleMavenProject.ParallelExecution" tests="3" failures="0" timestamp="24 Mar 2017 05:05:02 GMT" time="28.166" errors="0">
  <testcase name="openbrowser" time="14.321" classname="Xebia.SampleMavenProject.ParallelExecution"/>
  <testcase name="openbrowser" time="8.310" classname="Xebia.SampleMavenProject.ParallelExecution"/>
  <testcase name="openbrowser" time="5.535" classname="Xebia.SampleMavenProject.ParallelExecution"/>
</testsuite> <!-- Xebia.SampleMavenProject.ParallelExecution -->
