<?xml version="1.0" encoding="UTF-8"?>
<!-- Generated by org.testng.reporters.JUnitReportReporter -->
<testsuite hostname="XE-T-NITINGO" name="Xebia.SampleMavenProject.Json" tests="1" failures="0" timestamp="3 Apr 2017 10:11:31 GMT" time="0.096" errors="0">
  <testcase name="addKey" time="0.096" classname="Xebia.SampleMavenProject.Json"/>
</testsuite> <!-- Xebia.SampleMavenProject.Json -->
