<?xml version="1.0" encoding="UTF-8"?>
<!-- Generated by org.testng.reporters.JUnitReportReporter -->
<testsuite hostname="XE-T-NITINGO" name="Xebia.SampleMavenProject.GetImageDimenstions" tests="1" failures="0" timestamp="6 Oct 2016 07:00:14 GMT" time="19.535" errors="0">
  <testcase name="test" time="19.535" classname="Xebia.SampleMavenProject.GetImageDimenstions"/>
</testsuite> <!-- Xebia.SampleMavenProject.GetImageDimenstions -->
