<?xml version="1.0" encoding="UTF-8"?>
<!-- Generated by org.testng.reporters.JUnitReportReporter -->
<testsuite hostname="XE-T-NITINGO" name="Xebia.SampleMavenProject.TestNGTestClass1" tests="1" failures="0" timestamp="30 Aug 2016 06:42:21 GMT" time="0.000" errors="0">
  <testcase name="testcase1" time="0.000" classname="Xebia.SampleMavenProject.TestNGTestClass1"/>
</testsuite> <!-- Xebia.SampleMavenProject.TestNGTestClass1 -->
