<?xml version="1.0" encoding="UTF-8"?>
<!-- Generated by org.testng.reporters.JUnitReportReporter -->
<testsuite hostname="XE-T-NITINGO" name="Xebia.SampleMavenProject.SampleTestClass" tests="1" failures="0" timestamp="2 Mar 2017 05:25:22 GMT" time="0.014" errors="0">
  <testcase name="testMethod" time="0.014" classname="Xebia.SampleMavenProject.SampleTestClass"/>
</testsuite> <!-- Xebia.SampleMavenProject.SampleTestClass -->
