<?xml version="1.0" encoding="UTF-8"?>
<!-- Generated by org.testng.reporters.JUnitReportReporter -->
<testsuite hostname="XE-T-NITINGO" name="Xebia.SampleMavenProject.OpenNewTab" tests="1" failures="0" timestamp="30 Nov 2016 10:03:53 GMT" time="6.939" errors="0">
  <testcase name="f" time="6.939" classname="Xebia.SampleMavenProject.OpenNewTab"/>
</testsuite> <!-- Xebia.SampleMavenProject.OpenNewTab -->
