<?xml version="1.0" encoding="UTF-8"?>
<!-- Generated by org.testng.reporters.JUnitReportReporter -->
<testsuite hostname="XE-T-NITINGO" name="Xebia.SampleMavenProject.SampleFramework" tests="1" failures="0" timestamp="27 Sep 2016 12:17:07 GMT" time="0.055" errors="0">
  <testcase name="execute" time="0.055" classname="Xebia.SampleMavenProject.SampleFramework"/>
</testsuite> <!-- Xebia.SampleMavenProject.SampleFramework -->
