<?xml version="1.0" encoding="UTF-8"?>
<!-- Generated by org.testng.reporters.JUnitReportReporter -->
<testsuite hostname="XE-T-NITINGO" name="Xebia.SampleMavenProject.FramesHandling" tests="1" failures="0" timestamp="10 May 2017 09:19:02 GMT" time="51.286" errors="0">
  <testcase name="frameHandling" time="51.286" classname="Xebia.SampleMavenProject.FramesHandling"/>
</testsuite> <!-- Xebia.SampleMavenProject.FramesHandling -->
