<?xml version="1.0" encoding="UTF-8"?>
<!-- Generated by org.testng.reporters.JUnitReportReporter -->
<testsuite hostname="XE-T-NITINGO" name="Xebia.SampleMavenProject.FirefoxProfile" tests="1" failures="0" timestamp="9 Nov 2016 05:46:16 GMT" time="10.905" errors="0">
  <testcase name="f" time="10.905" classname="Xebia.SampleMavenProject.FirefoxProfile"/>
</testsuite> <!-- Xebia.SampleMavenProject.FirefoxProfile -->
